<?xml version="1.0" encoding="UTF-8"?>
<!-- Generated by org.testng.reporters.JUnitReportReporter -->
<testsuite hostname="DESKTOP-T6U90TK" failures="0" tests="1" name="com.advancedseleniumfunctions.GeoLocationsBasic" time="8.995" errors="0" timestamp="2025-07-31T19:02:55 ART" skipped="0">
  <testcase classname="com.advancedseleniumfunctions.GeoLocationsBasic" name="geoLocationTest" time="8.995"/>
</testsuite> <!-- com.advancedseleniumfunctions.GeoLocationsBasic -->
