<?xml version="1.0" encoding="UTF-8"?>
<!-- Generated by org.testng.reporters.JUnitReportReporter -->
<testsuite hostname="DESKTOP-T6U90TK" failures="0" tests="1" name="com.advancedseleniumfunctions.productFilteringTests.ProductFilteringTests" time="3.219" errors="0" timestamp="2025-07-29T21:25:36 ART" skipped="0">
  <testcase classname="com.advancedseleniumfunctions.productFilteringTests.ProductFilteringTests" name="testVerduraFilter" time="3.219"/>
</testsuite> <!-- com.advancedseleniumfunctions.productFilteringTests.ProductFilteringTests -->
